#
# There is insufficient memory for the Java Runtime Environment to continue.
# Native memory allocation (mmap) failed to map 331350016 bytes for G1 virtual space
# Possible reasons:
#   The system is out of physical RAM or swap space
#   The process is running with CompressedOops enabled, and the Java Heap may be blocking the growth of the native heap
# Possible solutions:
#   Reduce memory load on the system
#   Increase physical memory or swap space
#   Check if swap backing store is full
#   Decrease Java heap size (-Xmx/-Xms)
#   Decrease number of Java threads
#   Decrease Java thread stack sizes (-Xss)
#   Set larger code cache with -XX:ReservedCodeCacheSize=
#   JVM is running with Zero Based Compressed Oops mode in which the Java heap is
#     placed in the first 32GB address space. The Java Heap base address is the
#     maximum limit for the native heap growth. Please use -XX:HeapBaseMinAddress
#     to set the Java Heap base and to place the Java Heap above 32GB virtual address.
# This output file may be truncated or incomplete.
#
#  Out of Memory Error (os_windows.cpp:3528), pid=5892, tid=18032
#
# JRE version:  (20.0+36) (build )
# Java VM: Java HotSpot(TM) 64-Bit Server VM (20+36-2344, mixed mode, sharing, tiered, compressed oops, compressed class ptrs, g1 gc, windows-amd64)
# No core dump will be written. Minidumps are not enabled by default on client versions of Windows
#

---------------  S U M M A R Y ------------

Command Line: 

Host: 12th Gen Intel(R) Core(TM) i7-1255U, 12 cores, 19G,  Windows 11 , 64 bit Build 22621 (10.0.22621.3672)
Time: Sat Aug 10 11:27:50 2024 SE Asia Standard Time elapsed time: 0.008090 seconds (0d 0h 0m 0s)

---------------  T H R E A D  ---------------

Current thread (0x000002b6bc917410):  JavaThread "Unknown thread" [_thread_in_vm, id=18032, stack(0x000000c9f4d00000,0x000000c9f4e00000)]

Stack: [0x000000c9f4d00000,0x000000c9f4e00000]
Native frames: (J=compiled Java code, j=interpreted, Vv=VM code, C=native code)
V  [jvm.dll+0x6bb95a]
V  [jvm.dll+0x8483aa]
V  [jvm.dll+0x849fa5]
V  [jvm.dll+0x84a6a3]
V  [jvm.dll+0x280b0f]
V  [jvm.dll+0x6b86e9]
V  [jvm.dll+0x6ad2da]
V  [jvm.dll+0x35adf5]
V  [jvm.dll+0x363016]
V  [jvm.dll+0x3b3b3e]
V  [jvm.dll+0x3b3dc5]
V  [jvm.dll+0x32b50a]
V  [jvm.dll+0x32c32b]
V  [jvm.dll+0x81106f]
V  [jvm.dll+0x3c0d91]
V  [jvm.dll+0x7fcd93]
V  [jvm.dll+0x44c76f]
V  [jvm.dll+0x44e0e1]
C  [jli.dll+0x5287]
C  [ucrtbase.dll+0x29333]
C  [KERNEL32.DLL+0x1257d]
C  [ntdll.dll+0x5af28]


---------------  P R O C E S S  ---------------

Threads class SMR info:
_java_thread_list=0x00007ffb3407a098, length=0, elements={
}

Java Threads: ( => current thread )

Other Threads:
  0x000002b6bc990f70 WorkerThread "GC Thread#0" [stack: 0x000000c9f4e00000,0x000000c9f4f00000] [id=18144]
  0x000002b6bc99db70 ConcurrentGCThread "G1 Main Marker" [stack: 0x000000c9f4f00000,0x000000c9f5000000] [id=6924]
  0x000002b6bc99e350 WorkerThread "G1 Conc#0" [stack: 0x000000c9f5000000,0x000000c9f5100000] [id=12048]

[error occurred during error reporting (printing all threads), id 0xc0000005, EXCEPTION_ACCESS_VIOLATION (0xc0000005) at pc=0x00007ffb3385eb47]
VM state: not at safepoint (not fully initialized)

VM Mutex/Monitor currently owned by a thread:  ([mutex/lock_event])
[0x000002b6bc910ad0] Heap_lock - owner thread: 0x000002b6bc917410

Heap address: 0x00000006c5000000, size: 5040 MB, Compressed Oops mode: Zero based, Oop shift amount: 3

CDS archive(s) mapped at: [0x0000000000000000-0x0000000000000000-0x0000000000000000), size 0, SharedBaseAddress: 0x0000000800000000, ArchiveRelocationMode: 0.
Narrow klass base: 0x0000000000000000, Narrow klass shift: 0, Narrow klass range: 0x0

GC Precious Log:
 CardTable entry size: 512
 Card Set container configuration: InlinePtr #cards 4 size 8 Array Of Cards #cards 32 size 80 Howl #buckets 8 coarsen threshold 7372 Howl Bitmap #cards 1024 size 144 coarsen threshold 921 Card regions per heap region 1 cards per card region 8192

Heap:
 garbage-first heap   total 0K, used 0K [0x00000006c5000000, 0x0000000800000000)
  region size 4096K, 0 young (0K), 0 survivors (0K)

[error occurred during error reporting (printing heap information), id 0xc0000005, EXCEPTION_ACCESS_VIOLATION (0xc0000005) at pc=0x00007ffb33c33c59]
GC Heap History (0 events):
No events

Dll operation events (1 events):
Event: 0.004 Loaded shared library C:\Program Files\Java\jdk-20\bin\java.dll

Deoptimization events (0 events):
No events

Classes loaded (0 events):
No events

Classes unloaded (0 events):
No events

Classes redefined (0 events):
No events

Internal exceptions (0 events):
No events

VM Operations (0 events):
No events

Events (0 events):
No events


Dynamic libraries:
0x00007ff697e20000 - 0x00007ff697e30000 	C:\Program Files\Java\jdk-20\bin\java.exe
0x00007ffba6930000 - 0x00007ffba6b47000 	C:\WINDOWS\SYSTEM32\ntdll.dll
0x00007ffba61a0000 - 0x00007ffba6264000 	C:\WINDOWS\System32\KERNEL32.DLL
0x00007ffba3c90000 - 0x00007ffba403d000 	C:\WINDOWS\System32\KERNELBASE.dll
0x00007ffba4040000 - 0x00007ffba4151000 	C:\WINDOWS\System32\ucrtbase.dll
0x00007ffb4a760000 - 0x00007ffb4a779000 	C:\Program Files\Java\jdk-20\bin\jli.dll
0x00007ffb61590000 - 0x00007ffb615ab000 	C:\Program Files\Java\jdk-20\bin\VCRUNTIME140.dll
0x00007ffba6580000 - 0x00007ffba6632000 	C:\WINDOWS\System32\ADVAPI32.dll
0x00007ffba5b40000 - 0x00007ffba5be7000 	C:\WINDOWS\System32\msvcrt.dll
0x00007ffba5970000 - 0x00007ffba5a19000 	C:\WINDOWS\System32\sechost.dll
0x00007ffba42d0000 - 0x00007ffba42f8000 	C:\WINDOWS\System32\bcrypt.dll
0x00007ffba5a20000 - 0x00007ffba5b34000 	C:\WINDOWS\System32\RPCRT4.dll
0x00007ffba4f00000 - 0x00007ffba50ae000 	C:\WINDOWS\System32\USER32.dll
0x00007ffba3c60000 - 0x00007ffba3c86000 	C:\WINDOWS\System32\win32u.dll
0x00007ffba6080000 - 0x00007ffba60a9000 	C:\WINDOWS\System32\GDI32.dll
0x00007ffb7e980000 - 0x00007ffb7ec13000 	C:\WINDOWS\WinSxS\amd64_microsoft.windows.common-controls_6595b64144ccf1df_6.0.22621.3672_none_2713b9d173822955\COMCTL32.dll
0x00007ffba44d0000 - 0x00007ffba45e9000 	C:\WINDOWS\System32\gdi32full.dll
0x00007ffba4370000 - 0x00007ffba440a000 	C:\WINDOWS\System32\msvcp_win.dll
0x00007ffb96a50000 - 0x00007ffb96a5a000 	C:\WINDOWS\SYSTEM32\VERSION.dll
0x00007ffba53d0000 - 0x00007ffba5401000 	C:\WINDOWS\System32\IMM32.DLL
0x00007ffb7a090000 - 0x00007ffb7a09c000 	C:\Program Files\Java\jdk-20\bin\vcruntime140_1.dll
0x00007ffb40f10000 - 0x00007ffb40f9e000 	C:\Program Files\Java\jdk-20\bin\msvcp140.dll
0x00007ffb33520000 - 0x00007ffb341b7000 	C:\Program Files\Java\jdk-20\bin\server\jvm.dll
0x00007ffb98df0000 - 0x00007ffb98e24000 	C:\WINDOWS\SYSTEM32\WINMM.dll
0x00007ffb3b440000 - 0x00007ffb3b449000 	C:\WINDOWS\SYSTEM32\WSOCK32.dll
0x00007ffba5560000 - 0x00007ffba55d1000 	C:\WINDOWS\System32\WS2_32.dll
0x00007ffba2c90000 - 0x00007ffba2ca8000 	C:\WINDOWS\SYSTEM32\kernel.appcore.dll
0x00007ffb63ee0000 - 0x00007ffb63eea000 	C:\Program Files\Java\jdk-20\bin\jimage.dll
0x00007ffba1730000 - 0x00007ffba1962000 	C:\WINDOWS\SYSTEM32\DBGHELP.DLL
0x00007ffba55e0000 - 0x00007ffba5968000 	C:\WINDOWS\System32\combase.dll
0x00007ffba60b0000 - 0x00007ffba6187000 	C:\WINDOWS\System32\OLEAUT32.dll
0x00007ffb7e720000 - 0x00007ffb7e752000 	C:\WINDOWS\SYSTEM32\dbgcore.DLL
0x00007ffba45f0000 - 0x00007ffba466b000 	C:\WINDOWS\System32\bcryptPrimitives.dll
0x00007ffb3b150000 - 0x00007ffb3b176000 	C:\Program Files\Java\jdk-20\bin\java.dll

dbghelp: loaded successfully - version: 4.0.5 - missing functions: none
symbol engine: initialized successfully - sym options: 0x614 - pdb path: .;C:\Program Files\Java\jdk-20\bin;C:\WINDOWS\SYSTEM32;C:\WINDOWS\WinSxS\amd64_microsoft.windows.common-controls_6595b64144ccf1df_6.0.22621.3672_none_2713b9d173822955;C:\Program Files\Java\jdk-20\bin\server

VM Arguments:
java_command: <unknown>
java_class_path (initial): <not set>
Launcher Type: SUN_STANDARD

[Global flags]
     intx CICompilerCount                          = 4                                         {product} {ergonomic}
     uint ConcGCThreads                            = 3                                         {product} {ergonomic}
     uint G1ConcRefinementThreads                  = 10                                        {product} {ergonomic}
   size_t G1HeapRegionSize                         = 4194304                                   {product} {ergonomic}
    uintx GCDrainStackTargetSize                   = 64                                        {product} {ergonomic}
   size_t InitialHeapSize                          = 331350016                                 {product} {ergonomic}
   size_t MarkStackSize                            = 4194304                                   {product} {ergonomic}
   size_t MaxHeapSize                              = 5284823040                                {product} {ergonomic}
   size_t MinHeapDeltaBytes                        = 4194304                                   {product} {ergonomic}
   size_t MinHeapSize                              = 8388608                                   {product} {ergonomic}
    uintx NonNMethodCodeHeapSize                   = 5839372                                {pd product} {ergonomic}
    uintx NonProfiledCodeHeapSize                  = 122909434                              {pd product} {ergonomic}
    uintx ProfiledCodeHeapSize                     = 122909434                              {pd product} {ergonomic}
    uintx ReservedCodeCacheSize                    = 251658240                              {pd product} {ergonomic}
     bool SegmentedCodeCache                       = true                                      {product} {ergonomic}
   size_t SoftMaxHeapSize                          = 5284823040                             {manageable} {ergonomic}
     bool UseCompressedClassPointers               = true                           {product lp64_product} {ergonomic}
     bool UseCompressedOops                        = true                           {product lp64_product} {ergonomic}
     bool UseG1GC                                  = true                                      {product} {ergonomic}
     bool UseLargePagesIndividualAllocation        = false                                  {pd product} {ergonomic}

Logging:
Log output configuration:
 #0: stdout all=warning uptime,level,tags foldmultilines=false
 #1: stderr all=off uptime,level,tags foldmultilines=false

Environment Variables:
PATH=C:\REACT NATIVE_LAB\CRO102\ThiThu4\node_modules\.bin;C:\REACT NATIVE_LAB\CRO102\ThiThu4\node_modules\.bin;C:\REACT NATIVE_LAB\CRO102\node_modules\.bin;C:\REACT NATIVE_LAB\node_modules\.bin;C:\node_modules\.bin;C:\Users\HP\AppData\Roaming\npm\node_modules\npm\node_modules\@npmcli\run-script\lib\node-gyp-bin;C:\REACT NATIVE_LAB\CRO102\ThiThu4\node_modules\.bin;C:\REACT NATIVE_LAB\CRO102\ThiThu4\node_modules\.bin;C:\REACT NATIVE_LAB\CRO102\node_modules\.bin;C:\REACT NATIVE_LAB\node_modules\.bin;C:\node_modules\.bin;C:\Users\HP\AppData\Roaming\npm\node_modules\npm\node_modules\@npmcli\run-script\lib\node-gyp-bin;C:\Python312\Scripts\;C:\Python312\;C:\Program Files\Common Files\Oracle\Java\javapath;C:\WINDOWS\system32;C:\WINDOWS;C:\WINDOWS\System32\Wbem;C:\WINDOWS\System32\WindowsPowerShell\v1.0\;C:\WINDOWS\System32\OpenSSH\;C:\Program Files\Microsoft SQL Server\110\Tools\Binn\;C:\Program Files (x86)\Microsoft SQL Server\110\Tools\Binn\;C:\Program Files\Microsoft SQL Server\110\DTS\Binn\;C:\Program Files (x86)\Microsoft SQL Server\110\Tools\Binn\ManagementStudio\;C:\Program Files (x86)\Microsoft Visual Studio 10.0\Common7\IDE\PrivateAssemblies\;C:\Program Files (x86)\Microsoft SQL Server\110\DTS\Binn\;C:\Program Files\Git\cmd;C:\Program Files\nodejs\;C:\ProgramData\chocolatey\bin;C:\Users\HP\AppData\Local\Microsoft\WindowsApps;C:\SocketeQ\windowsandroid_root\system\bin;C:\SocketeQ\windowsandroid_root\system\lib;C:\Users\HP\AppData\Local\Android\Sdk\platforms;C:\Users\HP\AppData\Local\Android\Sdk\platform-tools;C:\Users\HP\AppData\Local\Programs\Microsoft VS Code\bin
USERNAME=HP
LANG=en_US.UTF-8
OS=Windows_NT
PROCESSOR_IDENTIFIER=Intel64 Family 6 Model 154 Stepping 4, GenuineIntel
TMP=C:\Users\HP\AppData\Local\Temp
TEMP=C:\Users\HP\AppData\Local\Temp




---------------  S Y S T E M  ---------------

OS:
 Windows 11 , 64 bit Build 22621 (10.0.22621.3672)
OS uptime: 0 days 3:37 hours

CPU: total 12 (initial active 12) (6 cores per cpu, 2 threads per core) family 6 model 154 stepping 4 microcode 0x42c, cx8, cmov, fxsr, ht, mmx, 3dnowpref, sse, sse2, sse3, ssse3, sse4.1, sse4.2, popcnt, lzcnt, tsc, tscinvbit, avx, avx2, aes, erms, clmul, bmi1, bmi2, adx, sha, fma, vzeroupper, clflush, clflushopt, clwb, serialize, rdtscp, rdpid, fsrm, f16c, pku, cet_ibt, cet_ss

Memory: 4k page, system-wide physical 20151M (2454M free)
TotalPageFile size 24247M (AvailPageFile size 20M)
current process WorkingSet (physical memory assigned to process): 12M, peak: 12M
current process commit charge ("private bytes"): 64M, peak: 380M

vm_info: Java HotSpot(TM) 64-Bit Server VM (20+36-2344) for windows-amd64 JRE (20+36-2344), built on 2023-02-10T19:30:15Z by "mach5one" with MS VC++ 17.1 (VS2022)

END.
